<?xml version="1.0" encoding="UTF-8"?>
<!-- Generated by org.testng.reporters.JUnitXMLReporter -->
<testsuite ignored="0" hostname="MacBook-Pro.local" failures="1" tests="1" name="edgetest" time="9.11" errors="0" timestamp="2024-12-06T15:38:37 EST">
  <testcase classname="com.testCases.TC_001_AccountCreationTest" name="test_account_registration" time="5.905">
    <failure type="java.lang.AssertionError" message="Your Account Has Been Created! expected:&amp;lt;Your Account Has Been Created!&amp;gt; but was:&amp;lt;Account creation failed&amp;gt;">
      <![CDATA[java.lang.AssertionError: Your Account Has Been Created! expected:<Your Account Has Been Created!> but was:<Account creation failed>
at com.testCases.TC_001_AccountCreationTest.test_account_registration(TC_001_AccountCreationTest.java:47)
at java.base/java.util.ArrayList.forEach(ArrayList.java:1511)
at java.base/java.util.concurrent.FutureTask.run(FutureTask.java:264)
at java.base/java.util.concurrent.ThreadPoolExecutor.runWorker(ThreadPoolExecutor.java:1136)
at java.base/java.util.concurrent.ThreadPoolExecutor$Worker.run(ThreadPoolExecutor.java:635)
at java.base/java.lang.Thread.run(Thread.java:833)
... Removed 18 stack frames]]>
    </failure>
  </testcase> <!-- test_account_registration -->
</testsuite> <!-- edgetest -->
