<?xml version="1.0" encoding="UTF-8"?>
<!-- Generated by org.testng.reporters.JUnitXMLReporter -->
<testsuite ignored="1" hostname="MacBook-Pro.local" failures="0" tests="7" name="Test" time="50.559" errors="0" timestamp="2024-12-09T15:54:47 EST">
  <testcase classname="com.testCases.TC_001_AccountCreationTest" name="test_account_registration" time="0.915"/>
  <testcase classname="com.testCases.TC_002_LoginTest" name="verify_login" time="0.6"/>
  <testcase classname="com.testCases.TC_004_LoginDDT_Fail_Scenarios" name="verify_loginDDT" time="0.58"/>
  <testcase classname="com.testCases.TC_004_LoginDDT_Fail_Scenarios" name="verify_loginDDT" time="0.456"/>
  <testcase classname="com.testCases.TC_004_LoginDDT_Fail_Scenarios" name="verify_loginDDT" time="10.334"/>
  <testcase classname="com.testCases.TC_004_LoginDDT_Fail_Scenarios" name="verify_loginDDT" time="10.379"/>
  <testcase classname="com.testCases.TC_004_LoginDDT_Fail_Scenarios" name="verify_loginDDT" time="10.417"/>
  <testcase classname="com.testCases.TC_003_LoginDDT" name="verify_loginDDT" time="0.0">
    <ignored/>
  </testcase> <!-- verify_loginDDT -->
</testsuite> <!-- Test -->
