<?xml version="1.0" encoding="UTF-8"?>
<!-- Generated by org.testng.reporters.JUnitXMLReporter -->
<testsuite ignored="0" hostname="MacBook-Pro.local" failures="1" tests="1" name="Test(failed)" time="17.93" errors="0" timestamp="2024-12-08T23:10:26 EST">
  <testcase classname="com.testCases.TC_004_LoginDDT_Fail_Scenarios" name="verify_loginDDT" time="10.521">
    <failure type="java.lang.AssertionError" message="null">
      <![CDATA[java.lang.AssertionError: null
at com.testCases.TC_004_LoginDDT_Fail_Scenarios.verify_loginDDT(TC_004_LoginDDT_Fail_Scenarios.java:48)
at java.base/java.util.ArrayList.forEach(ArrayList.java:1511)
... Removed 29 stack frames]]>
    </failure>
  </testcase> <!-- verify_loginDDT -->
</testsuite> <!-- Test(failed) -->
