<?xml version="1.0" encoding="UTF-8"?>
<testsuite xmlns:xsi="http://www.w3.org/2001/XMLSchema-instance" xsi:noNamespaceSchemaLocation="https://maven.apache.org/surefire/maven-surefire-plugin/xsd/surefire-test-report.xsd" version="3.0.2" name="TestSuite" time="100.235" tests="14" errors="0" skipped="0" failures="0">
  <properties>
[...]
</properties>
  <testcase name="test_account_registration" classname="com.testCases.TC_001_AccountCreationTest" time="0.919">
    <system-out><![CDATA[2024-12-09 15:54:04 [main] DEBUG: application logs
mainhrowwable2024-12-09 15:54:04 [main] INFO : Starting TC 1
mainhrowwable2024-12-09 15:54:05 [main] INFO : Clicked MyAccount
mainhrowwable2024-12-09 15:54:05 [main] INFO : Clicked Register Link
mainhrowwable2024-12-09 15:54:05 [main] INFO : Initiate Registration Page
mainhrowwable2024-12-09 15:54:05 [main] INFO : entering name, lname etc
mainhrowwable2024-12-09 15:54:05 [main] INFO : Check Privacy Button TC 1
mainhrowwable2024-12-09 15:54:05 [main] INFO : Click Continue TC 1
mainhrowwable2024-12-09 15:54:05 [main] INFO : asserting account creation assertion
mainhrowwable]]></system-out>
    <system-err><![CDATA[SLF4J: Failed to load class "org.slf4j.impl.StaticLoggerBinder".
SLF4J: Defaulting to no-operation (NOP) logger implementation
SLF4J: See http://www.slf4j.org/codes.html#StaticLoggerBinder for further details.
Dec 09, 2024 3:53:59 PM org.openqa.selenium.devtools.CdpVersionFinder findNearestMatch
WARNING: Unable to find an exact match for CDP version 131, returning the closest version; found: 130; Please update to a Selenium version that supports CDP version 131
]]></system-err>
  </testcase>
  <testcase name="test_account_registration" classname="com.testCases.TC_001_AccountCreationTest" time="5.788">
    <system-out><![CDATA[2024-12-09 15:54:49 [main] DEBUG: application logs
mainhrowwable2024-12-09 15:54:49 [main] INFO : Starting TC 1
mainhrowwable2024-12-09 15:54:49 [main] INFO : Clicked MyAccount
mainhrowwable2024-12-09 15:54:54 [main] INFO : Clicked Register Link
mainhrowwable2024-12-09 15:54:54 [main] INFO : Initiate Registration Page
mainhrowwable2024-12-09 15:54:54 [main] INFO : entering name, lname etc
mainhrowwable2024-12-09 15:54:55 [main] INFO : Check Privacy Button TC 1
mainhrowwable2024-12-09 15:54:55 [main] INFO : Click Continue TC 1
mainhrowwable2024-12-09 15:54:55 [main] INFO : asserting account creation assertion
mainhrowwable]]></system-out>
    <system-err><![CDATA[Dec 09, 2024 3:54:48 PM org.openqa.selenium.devtools.CdpVersionFinder findNearestMatch
WARNING: Unable to find an exact match for CDP version 131, returning the closest version; found: 130; Please update to a Selenium version that supports CDP version 131
]]></system-err>
  </testcase>
  <testcase name="verify_login" classname="com.testCases.TC_002_LoginTest" time="0.601">
    <system-out><![CDATA[2024-12-09 15:54:12 [main] INFO : ***Starting tc_002_login_test ****
mainhrowwable2024-12-09 15:54:12 [main] INFO : initializing HomePage Class
mainhrowwable2024-12-09 15:54:12 [main] INFO : clicking myacct button
mainhrowwable2024-12-09 15:54:12 [main] INFO : click login button
mainhrowwable2024-12-09 15:54:12 [main] INFO : initialize login page
mainhrowwable2024-12-09 15:54:12 [main] INFO : enter email address
mainhrowwable2024-12-09 15:54:12 [main] INFO : enter password
mainhrowwable2024-12-09 15:54:12 [main] INFO : click login
mainhrowwable2024-12-09 15:54:13 [main] INFO : init MyAccount Page object
mainhrowwable2024-12-09 15:54:13 [main] INFO : store result to a variable
mainhrowwable2024-12-09 15:54:13 [main] INFO : asserting result
mainhrowwable2024-12-09 15:54:13 [main] INFO : Login test passed
mainhrowwable2024-12-09 15:54:13 [main] INFO : logging out
mainhrowwable]]></system-out>
    <system-err><![CDATA[Dec 09, 2024 3:54:06 PM org.openqa.selenium.devtools.CdpVersionFinder findNearestMatch
WARNING: Unable to find an exact match for CDP version 131, returning the closest version; found: 130; Please update to a Selenium version that supports CDP version 131
]]></system-err>
  </testcase>
  <testcase name="verify_login" classname="com.testCases.TC_002_LoginTest" time="0.582">
    <system-out><![CDATA[2024-12-09 15:54:57 [main] INFO : ***Starting tc_002_login_test ****
mainhrowwable2024-12-09 15:54:57 [main] INFO : initializing HomePage Class
mainhrowwable2024-12-09 15:54:57 [main] INFO : clicking myacct button
mainhrowwable2024-12-09 15:54:57 [main] INFO : click login button
mainhrowwable2024-12-09 15:54:57 [main] INFO : initialize login page
mainhrowwable2024-12-09 15:54:57 [main] INFO : enter email address
mainhrowwable2024-12-09 15:54:57 [main] INFO : enter password
mainhrowwable2024-12-09 15:54:57 [main] INFO : click login
mainhrowwable2024-12-09 15:54:57 [main] INFO : init MyAccount Page object
mainhrowwable2024-12-09 15:54:57 [main] INFO : store result to a variable
mainhrowwable2024-12-09 15:54:57 [main] INFO : asserting result
mainhrowwable2024-12-09 15:54:57 [main] INFO : Login test passed
mainhrowwable2024-12-09 15:54:57 [main] INFO : logging out
mainhrowwable]]></system-out>
    <system-err><![CDATA[Dec 09, 2024 3:54:56 PM org.openqa.selenium.devtools.CdpVersionFinder findNearestMatch
WARNING: Unable to find an exact match for CDP version 131, returning the closest version; found: 130; Please update to a Selenium version that supports CDP version 131
]]></system-err>
  </testcase>
  <testcase name="verify_loginDDT[blondell.rowe@hotmail.com, test123, Valid](1)" classname="com.testCases.TC_004_LoginDDT_Fail_Scenarios" time="0.58">
    <system-out><![CDATA[2024-12-09 15:54:15 [main] INFO : ***Starting tc_004_login_test ****
mainhrowwable2024-12-09 15:54:15 [main] INFO : initializing HomePage Class
mainhrowwable2024-12-09 15:54:15 [main] INFO : clicking myacct button
mainhrowwable2024-12-09 15:54:15 [main] INFO : click login button
mainhrowwable2024-12-09 15:54:15 [main] INFO : initialize login page
mainhrowwable2024-12-09 15:54:15 [main] INFO : enter email address
mainhrowwable2024-12-09 15:54:15 [main] INFO : enter password
mainhrowwable2024-12-09 15:54:15 [main] INFO : click login
mainhrowwable2024-12-09 15:54:15 [main] INFO : init MyAccount Page object
mainhrowwable2024-12-09 15:54:15 [main] INFO : store result to a variable
mainhrowwable2024-12-09 15:54:15 [main] INFO : asserting result
mainhrowwable2024-12-09 15:54:15 [main] INFO : test passed
mainhrowwable]]></system-out>
    <system-err><![CDATA[Dec 09, 2024 3:54:14 PM org.openqa.selenium.devtools.CdpVersionFinder findNearestMatch
WARNING: Unable to find an exact match for CDP version 131, returning the closest version; found: 130; Please update to a Selenium version that supports CDP version 131
]]></system-err>
  </testcase>
  <testcase name="verify_loginDDT[blondell.rowe@hotmail.com, test123, Valid](1)" classname="com.testCases.TC_004_LoginDDT_Fail_Scenarios" time="0.569">
    <system-out><![CDATA[2024-12-09 15:55:04 [main] INFO : ***Starting tc_004_login_test ****
mainhrowwable2024-12-09 15:55:04 [main] INFO : initializing HomePage Class
mainhrowwable2024-12-09 15:55:04 [main] INFO : clicking myacct button
mainhrowwable2024-12-09 15:55:04 [main] INFO : click login button
mainhrowwable2024-12-09 15:55:04 [main] INFO : initialize login page
mainhrowwable2024-12-09 15:55:04 [main] INFO : enter email address
mainhrowwable2024-12-09 15:55:04 [main] INFO : enter password
mainhrowwable2024-12-09 15:55:04 [main] INFO : click login
mainhrowwable2024-12-09 15:55:05 [main] INFO : init MyAccount Page object
mainhrowwable2024-12-09 15:55:05 [main] INFO : store result to a variable
mainhrowwable2024-12-09 15:55:05 [main] INFO : asserting result
mainhrowwable2024-12-09 15:55:05 [main] INFO : test passed
mainhrowwable]]></system-out>
    <system-err><![CDATA[Dec 09, 2024 3:54:58 PM org.openqa.selenium.devtools.CdpVersionFinder findNearestMatch
WARNING: Unable to find an exact match for CDP version 131, returning the closest version; found: 130; Please update to a Selenium version that supports CDP version 131
]]></system-err>
  </testcase>
  <testcase name="verify_loginDDT[c@d.com, abc123, Valid](2)" classname="com.testCases.TC_004_LoginDDT_Fail_Scenarios" time="0.457">
    <system-out><![CDATA[2024-12-09 15:54:15 [main] INFO : ***Starting tc_004_login_test ****
mainhrowwable2024-12-09 15:54:15 [main] INFO : initializing HomePage Class
mainhrowwable2024-12-09 15:54:15 [main] INFO : clicking myacct button
mainhrowwable2024-12-09 15:54:15 [main] INFO : click login button
mainhrowwable2024-12-09 15:54:15 [main] INFO : initialize login page
mainhrowwable2024-12-09 15:54:15 [main] INFO : enter email address
mainhrowwable2024-12-09 15:54:15 [main] INFO : enter password
mainhrowwable2024-12-09 15:54:16 [main] INFO : click login
mainhrowwable2024-12-09 15:54:16 [main] INFO : init MyAccount Page object
mainhrowwable2024-12-09 15:54:16 [main] INFO : store result to a variable
mainhrowwable2024-12-09 15:54:16 [main] INFO : asserting result
mainhrowwable2024-12-09 15:54:16 [main] INFO : test passed
mainhrowwable]]></system-out>
  </testcase>
  <testcase name="verify_loginDDT[c@d.com, abc123, Valid](2)" classname="com.testCases.TC_004_LoginDDT_Fail_Scenarios" time="0.446">
    <system-out><![CDATA[2024-12-09 15:55:05 [main] INFO : ***Starting tc_004_login_test ****
mainhrowwable2024-12-09 15:55:05 [main] INFO : initializing HomePage Class
mainhrowwable2024-12-09 15:55:05 [main] INFO : clicking myacct button
mainhrowwable2024-12-09 15:55:05 [main] INFO : click login button
mainhrowwable2024-12-09 15:55:05 [main] INFO : initialize login page
mainhrowwable2024-12-09 15:55:05 [main] INFO : enter email address
mainhrowwable2024-12-09 15:55:05 [main] INFO : enter password
mainhrowwable2024-12-09 15:55:05 [main] INFO : click login
mainhrowwable2024-12-09 15:55:05 [main] INFO : init MyAccount Page object
mainhrowwable2024-12-09 15:55:05 [main] INFO : store result to a variable
mainhrowwable2024-12-09 15:55:05 [main] INFO : asserting result
mainhrowwable2024-12-09 15:55:05 [main] INFO : test passed
mainhrowwable]]></system-out>
  </testcase>
  <testcase name="verify_loginDDT[iluminada.lowe@yahoo.com, Test123, Invalid](3)" classname="com.testCases.TC_004_LoginDDT_Fail_Scenarios" time="10.336">
    <system-out><![CDATA[2024-12-09 15:54:16 [main] INFO : ***Starting tc_004_login_test ****
mainhrowwable2024-12-09 15:54:16 [main] INFO : initializing HomePage Class
mainhrowwable2024-12-09 15:54:16 [main] INFO : clicking myacct button
mainhrowwable2024-12-09 15:54:16 [main] INFO : click login button
mainhrowwable2024-12-09 15:54:16 [main] INFO : initialize login page
mainhrowwable2024-12-09 15:54:16 [main] INFO : enter email address
mainhrowwable2024-12-09 15:54:16 [main] INFO : enter password
mainhrowwable2024-12-09 15:54:16 [main] INFO : click login
mainhrowwable2024-12-09 15:54:16 [main] INFO : init MyAccount Page object
mainhrowwable2024-12-09 15:54:16 [main] INFO : store result to a variable
mainhrowwable2024-12-09 15:54:26 [main] INFO : asserting result
mainhrowwable2024-12-09 15:54:26 [main] INFO : test pass
mainhrowwable]]></system-out>
  </testcase>
  <testcase name="verify_loginDDT[iluminada.lowe@yahoo.com, Test123, Invalid](3)" classname="com.testCases.TC_004_LoginDDT_Fail_Scenarios" time="10.363">
    <system-out><![CDATA[2024-12-09 15:55:05 [main] INFO : ***Starting tc_004_login_test ****
mainhrowwable2024-12-09 15:55:05 [main] INFO : initializing HomePage Class
mainhrowwable2024-12-09 15:55:05 [main] INFO : clicking myacct button
mainhrowwable2024-12-09 15:55:05 [main] INFO : click login button
mainhrowwable2024-12-09 15:55:05 [main] INFO : initialize login page
mainhrowwable2024-12-09 15:55:05 [main] INFO : enter email address
mainhrowwable2024-12-09 15:55:05 [main] INFO : enter password
mainhrowwable2024-12-09 15:55:05 [main] INFO : click login
mainhrowwable2024-12-09 15:55:05 [main] INFO : init MyAccount Page object
mainhrowwable2024-12-09 15:55:05 [main] INFO : store result to a variable
mainhrowwable2024-12-09 15:55:15 [main] INFO : asserting result
mainhrowwable2024-12-09 15:55:15 [main] INFO : test pass
mainhrowwable]]></system-out>
  </testcase>
  <testcase name="verify_loginDDT[luana.rice@gmail.com, Aaaa, Invalid](4)" classname="com.testCases.TC_004_LoginDDT_Fail_Scenarios" time="10.379">
    <system-out><![CDATA[2024-12-09 15:54:26 [main] INFO : ***Starting tc_004_login_test ****
mainhrowwable2024-12-09 15:54:26 [main] INFO : initializing HomePage Class
mainhrowwable2024-12-09 15:54:26 [main] INFO : clicking myacct button
mainhrowwable2024-12-09 15:54:26 [main] INFO : click login button
mainhrowwable2024-12-09 15:54:26 [main] INFO : initialize login page
mainhrowwable2024-12-09 15:54:26 [main] INFO : enter email address
mainhrowwable2024-12-09 15:54:26 [main] INFO : enter password
mainhrowwable2024-12-09 15:54:26 [main] INFO : click login
mainhrowwable2024-12-09 15:54:26 [main] INFO : init MyAccount Page object
mainhrowwable2024-12-09 15:54:26 [main] INFO : store result to a variable
mainhrowwable2024-12-09 15:54:36 [main] INFO : asserting result
mainhrowwable2024-12-09 15:54:37 [main] INFO : test pass
mainhrowwable]]></system-out>
  </testcase>
  <testcase name="verify_loginDDT[luana.rice@gmail.com, Aaaa, Invalid](4)" classname="com.testCases.TC_004_LoginDDT_Fail_Scenarios" time="10.419">
    <system-out><![CDATA[2024-12-09 15:55:15 [main] INFO : ***Starting tc_004_login_test ****
mainhrowwable2024-12-09 15:55:15 [main] INFO : initializing HomePage Class
mainhrowwable2024-12-09 15:55:15 [main] INFO : clicking myacct button
mainhrowwable2024-12-09 15:55:15 [main] INFO : click login button
mainhrowwable2024-12-09 15:55:16 [main] INFO : initialize login page
mainhrowwable2024-12-09 15:55:16 [main] INFO : enter email address
mainhrowwable2024-12-09 15:55:16 [main] INFO : enter password
mainhrowwable2024-12-09 15:55:16 [main] INFO : click login
mainhrowwable2024-12-09 15:55:16 [main] INFO : init MyAccount Page object
mainhrowwable2024-12-09 15:55:16 [main] INFO : store result to a variable
mainhrowwable2024-12-09 15:55:26 [main] INFO : asserting result
mainhrowwable2024-12-09 15:55:26 [main] INFO : test pass
mainhrowwable]]></system-out>
  </testcase>
  <testcase name="verify_loginDDT[luana.rice@gmail.com, Aaaa, invalid](5)" classname="com.testCases.TC_004_LoginDDT_Fail_Scenarios" time="10.417">
    <system-out><![CDATA[2024-12-09 15:54:37 [main] INFO : ***Starting tc_004_login_test ****
mainhrowwable2024-12-09 15:54:37 [main] INFO : initializing HomePage Class
mainhrowwable2024-12-09 15:54:37 [main] INFO : clicking myacct button
mainhrowwable2024-12-09 15:54:37 [main] INFO : click login button
mainhrowwable2024-12-09 15:54:37 [main] INFO : initialize login page
mainhrowwable2024-12-09 15:54:37 [main] INFO : enter email address
mainhrowwable2024-12-09 15:54:37 [main] INFO : enter password
mainhrowwable2024-12-09 15:54:37 [main] INFO : click login
mainhrowwable2024-12-09 15:54:37 [main] INFO : init MyAccount Page object
mainhrowwable2024-12-09 15:54:37 [main] INFO : store result to a variable
mainhrowwable2024-12-09 15:54:47 [main] INFO : asserting result
mainhrowwable2024-12-09 15:54:47 [main] INFO : test pass
mainhrowwable]]></system-out>
  </testcase>
  <testcase name="verify_loginDDT[luana.rice@gmail.com, Aaaa, invalid](5)" classname="com.testCases.TC_004_LoginDDT_Fail_Scenarios" time="10.376">
    <system-out><![CDATA[2024-12-09 15:55:26 [main] INFO : ***Starting tc_004_login_test ****
mainhrowwable2024-12-09 15:55:26 [main] INFO : initializing HomePage Class
mainhrowwable2024-12-09 15:55:26 [main] INFO : clicking myacct button
mainhrowwable2024-12-09 15:55:26 [main] INFO : click login button
mainhrowwable2024-12-09 15:55:26 [main] INFO : initialize login page
mainhrowwable2024-12-09 15:55:26 [main] INFO : enter email address
mainhrowwable2024-12-09 15:55:26 [main] INFO : enter password
mainhrowwable2024-12-09 15:55:26 [main] INFO : click login
mainhrowwable2024-12-09 15:55:26 [main] INFO : init MyAccount Page object
mainhrowwable2024-12-09 15:55:26 [main] INFO : store result to a variable
mainhrowwable2024-12-09 15:55:36 [main] INFO : asserting result
mainhrowwable2024-12-09 15:55:36 [main] INFO : test pass
mainhrowwable]]></system-out>
  </testcase>
</testsuite>