<?xml version="1.0" encoding="UTF-8"?>
<!-- Generated by org.testng.reporters.JUnitXMLReporter -->
<testsuite ignored="1" hostname="MacBook-Pro.local" failures="0" tests="7" name="Test" time="49.162" errors="0" timestamp="2024-12-09T15:55:36 EST">
  <testcase classname="com.testCases.TC_001_AccountCreationTest" name="test_account_registration" time="5.789"/>
  <testcase classname="com.testCases.TC_002_LoginTest" name="verify_login" time="0.582"/>
  <testcase classname="com.testCases.TC_004_LoginDDT_Fail_Scenarios" name="verify_loginDDT" time="0.57"/>
  <testcase classname="com.testCases.TC_004_LoginDDT_Fail_Scenarios" name="verify_loginDDT" time="0.447"/>
  <testcase classname="com.testCases.TC_004_LoginDDT_Fail_Scenarios" name="verify_loginDDT" time="10.362"/>
  <testcase classname="com.testCases.TC_004_LoginDDT_Fail_Scenarios" name="verify_loginDDT" time="10.419"/>
  <testcase classname="com.testCases.TC_004_LoginDDT_Fail_Scenarios" name="verify_loginDDT" time="10.375"/>
  <testcase classname="com.testCases.TC_003_LoginDDT" name="verify_loginDDT" time="0.0">
    <ignored/>
  </testcase> <!-- verify_loginDDT -->
</testsuite> <!-- Test -->
