<?xml version="1.0" encoding="UTF-8"?>
<testng-results ignored="0" total="1" passed="1" failed="0" skipped="0">
  <reporter-output>
  </reporter-output>
  <suite started-at="2024-12-08T23:11:28 EST" name="Failed suite [Failed suite [Suite]]" finished-at="2024-12-08T23:11:46 EST" duration-ms="17930">
    <groups>
      <group name="fail">
        <method signature="TC_004_LoginDDT_Fail_Scenarios.verify_loginDDT(java.lang.String,java.lang.String,java.lang.String)[pri:1, instance:com.testCases.TC_004_LoginDDT_Fail_Scenarios@663c9e7a]" name="verify_loginDDT" class="com.testCases.TC_004_LoginDDT_Fail_Scenarios"/>
      </group> <!-- fail -->
      <group name="master">
        <method signature="TC_004_LoginDDT_Fail_Scenarios.verify_loginDDT(java.lang.String,java.lang.String,java.lang.String)[pri:1, instance:com.testCases.TC_004_LoginDDT_Fail_Scenarios@663c9e7a]" name="verify_loginDDT" class="com.testCases.TC_004_LoginDDT_Fail_Scenarios"/>
      </group> <!-- master -->
    </groups>
    <test started-at="2024-12-08T23:11:28 EST" name="Test(failed)(failed)" finished-at="2024-12-08T23:11:46 EST" duration-ms="17930">
      <class name="com.testCases.TC_004_LoginDDT_Fail_Scenarios">
        <test-method is-config="true" signature="setup(java.lang.String,java.lang.String)[pri:0, instance:com.testCases.TC_004_LoginDDT_Fail_Scenarios@663c9e7a]" started-at="2024-12-08T23:11:28 EST" name="setup" finished-at="2024-12-08T23:11:35 EST" duration-ms="7172" status="PASS">
          <params>
            <param index="0">
              <value>
                <![CDATA[mac]]>
              </value>
            </param>
            <param index="1">
              <value>
                <![CDATA[edge]]>
              </value>
            </param>
          </params>
          <reporter-output>
          </reporter-output>
        </test-method> <!-- setup -->
        <test-method signature="verify_loginDDT(java.lang.String,java.lang.String,java.lang.String)[pri:1, instance:com.testCases.TC_004_LoginDDT_Fail_Scenarios@663c9e7a]" started-at="2024-12-08T23:11:35 EST" name="verify_loginDDT" data-provider="LoginTestAllDataArray" finished-at="2024-12-08T23:11:46 EST" duration-ms="10577" status="PASS">
          <params>
            <param index="0">
              <value>
                <![CDATA[luana.rice@gmail.com]]>
              </value>
            </param>
            <param index="1">
              <value>
                <![CDATA[Aaaa]]>
              </value>
            </param>
            <param index="2">
              <value>
                <![CDATA[invalid]]>
              </value>
            </param>
          </params>
          <reporter-output>
          </reporter-output>
        </test-method> <!-- verify_loginDDT -->
        <test-method is-config="true" signature="tearDown()[pri:0, instance:com.testCases.TC_004_LoginDDT_Fail_Scenarios@663c9e7a]" started-at="2024-12-08T23:11:46 EST" name="tearDown" finished-at="2024-12-08T23:11:46 EST" duration-ms="80" status="PASS">
          <reporter-output>
          </reporter-output>
        </test-method> <!-- tearDown -->
      </class> <!-- com.testCases.TC_004_LoginDDT_Fail_Scenarios -->
    </test> <!-- Test(failed)(failed) -->
  </suite> <!-- Failed suite [Failed suite [Suite]] -->
</testng-results>
